<?xml version="1.0" encoding="UTF-8"?>
<testng-results skipped="0" failed="1" ignored="0" total="2" passed="1">
  <reporter-output>
  </reporter-output>
  <suite name="registation suite" duration-ms="41905" started-at="2020-07-16T17:58:05 EET" finished-at="2020-07-16T17:58:47 EET">
    <groups>
    </groups>
    <test name="chrome" duration-ms="33733" started-at="2020-07-16T17:58:05 EET" finished-at="2020-07-16T17:58:38 EET">
      <class name="tests.UserRegistrationParallelTesting">
        <test-method status="PASS" signature="setup(java.lang.String)[pri:0, instance:tests.UserRegistrationParallelTesting@9a7504c]" name="setup" is-config="true" duration-ms="14231" started-at="2020-07-16T17:58:05 EET" finished-at="2020-07-16T17:58:19 EET">
          <params>
            <param index="0">
              <value>
                <![CDATA[chrome]]>
              </value>
            </param>
          </params>
          <reporter-output>
          </reporter-output>
        </test-method> <!-- setup -->
        <test-method status="FAIL" signature="userRegisterSuccessfully()[pri:0, instance:tests.UserRegistrationParallelTesting@9a7504c]" name="userRegisterSuccessfully" duration-ms="18745" started-at="2020-07-16T17:58:19 EET" finished-at="2020-07-16T17:58:38 EET">
          <exception class="org.openqa.selenium.NoSuchElementException">
            <message>
              <![CDATA[no such element: Unable to locate element: {"method":"link text","selector":"Log in"}
  (Session info: chrome=83.0.4103.116)
For documentation on this error, please visit: https://selenium.dev/exceptions/#no_such_element
Build info: version: '4.0.0-alpha-4', revision: 'c2d955b49e'
System info: host: 'DESKTOP-VRP1FEM', ip: '192.168.1.39', os.name: 'Windows 10', os.arch: 'amd64', os.version: '10.0', java.version: '1.8.0_191'
Driver info: org.openqa.selenium.remote.RemoteWebDriver
Capabilities {acceptInsecureCerts: false, browserName: chrome, browserVersion: 83.0.4103.116, chrome: {chromedriverVersion: 83.0.4103.39 (ccbf011cb2d2b..., userDataDir: C:\Users\WIN10~1\AppData\Lo...}, goog:chromeOptions: {debuggerAddress: localhost:52434}, javascriptEnabled: true, networkConnectionEnabled: false, pageLoadStrategy: normal, platform: WINDOWS, platformName: WINDOWS, proxy: Proxy(), setWindowRect: true, strictFileInteractability: false, timeouts: {implicit: 0, pageLoad: 300000, script: 30000}, unhandledPromptBehavior: dismiss and notify, webauthn:virtualAuthenticators: true, webdriver.remote.sessionid: cb804581562b3e1c6f1c4a0d7f9...}
Session ID: cb804581562b3e1c6f1c4a0d7f994aa6
*** Element info: {Using=link text, value=Log in}]]>
            </message>
            <full-stacktrace>
              <![CDATA[org.openqa.selenium.NoSuchElementException: no such element: Unable to locate element: {"method":"link text","selector":"Log in"}
  (Session info: chrome=83.0.4103.116)
For documentation on this error, please visit: https://selenium.dev/exceptions/#no_such_element
Build info: version: '4.0.0-alpha-4', revision: 'c2d955b49e'
System info: host: 'DESKTOP-VRP1FEM', ip: '192.168.1.39', os.name: 'Windows 10', os.arch: 'amd64', os.version: '10.0', java.version: '1.8.0_191'
Driver info: org.openqa.selenium.remote.RemoteWebDriver
Capabilities {acceptInsecureCerts: false, browserName: chrome, browserVersion: 83.0.4103.116, chrome: {chromedriverVersion: 83.0.4103.39 (ccbf011cb2d2b..., userDataDir: C:\Users\WIN10~1\AppData\Lo...}, goog:chromeOptions: {debuggerAddress: localhost:52434}, javascriptEnabled: true, networkConnectionEnabled: false, pageLoadStrategy: normal, platform: WINDOWS, platformName: WINDOWS, proxy: Proxy(), setWindowRect: true, strictFileInteractability: false, timeouts: {implicit: 0, pageLoad: 300000, script: 30000}, unhandledPromptBehavior: dismiss and notify, webauthn:virtualAuthenticators: true, webdriver.remote.sessionid: cb804581562b3e1c6f1c4a0d7f9...}
Session ID: cb804581562b3e1c6f1c4a0d7f994aa6
*** Element info: {Using=link text, value=Log in}
at sun.reflect.NativeConstructorAccessorImpl.newInstance0(Native Method)
at sun.reflect.NativeConstructorAccessorImpl.newInstance(Unknown Source)
at sun.reflect.DelegatingConstructorAccessorImpl.newInstance(Unknown Source)
at java.lang.reflect.Constructor.newInstance(Unknown Source)
at org.openqa.selenium.remote.codec.w3c.W3CHttpResponseCodec.createException(W3CHttpResponseCodec.java:196)
at org.openqa.selenium.remote.codec.w3c.W3CHttpResponseCodec.decode(W3CHttpResponseCodec.java:129)
at org.openqa.selenium.remote.codec.w3c.W3CHttpResponseCodec.decode(W3CHttpResponseCodec.java:53)
at org.openqa.selenium.remote.HttpCommandExecutor.execute(HttpCommandExecutor.java:161)
at org.openqa.selenium.remote.RemoteWebDriver.execute(RemoteWebDriver.java:582)
at org.openqa.selenium.remote.RemoteWebDriver.findElement(RemoteWebDriver.java:333)
at org.openqa.selenium.remote.RemoteWebDriver.findElementByLinkText(RemoteWebDriver.java:391)
at org.openqa.selenium.By$ByLinkText.findElement(By.java:233)
at org.openqa.selenium.remote.RemoteWebDriver.findElement(RemoteWebDriver.java:325)
at org.openqa.selenium.support.pagefactory.DefaultElementLocator.findElement(DefaultElementLocator.java:70)
at org.openqa.selenium.support.pagefactory.internal.LocatingElementHandler.invoke(LocatingElementHandler.java:39)
at com.sun.proxy.$Proxy15.click(Unknown Source)
at pages.PageBase.clickBtn(PageBase.java:21)
at pages.HomePage.openLoginPage(HomePage.java:45)
at tests.UserRegistrationParallelTesting.userRegisterSuccessfully(UserRegistrationParallelTesting.java:36)
at sun.reflect.NativeMethodAccessorImpl.invoke0(Native Method)
at sun.reflect.NativeMethodAccessorImpl.invoke(Unknown Source)
at sun.reflect.DelegatingMethodAccessorImpl.invoke(Unknown Source)
at java.lang.reflect.Method.invoke(Unknown Source)
at org.testng.internal.MethodInvocationHelper.invokeMethod(MethodInvocationHelper.java:134)
at org.testng.internal.TestInvoker.invokeMethod(TestInvoker.java:597)
at org.testng.internal.TestInvoker.invokeTestMethod(TestInvoker.java:173)
at org.testng.internal.MethodRunner.runInSequence(MethodRunner.java:46)
at org.testng.internal.TestInvoker$MethodInvocationAgent.invoke(TestInvoker.java:816)
at org.testng.internal.TestInvoker.invokeTestMethods(TestInvoker.java:146)
at org.testng.internal.TestMethodWorker.invokeTestMethods(TestMethodWorker.java:146)
at org.testng.internal.TestMethodWorker.run(TestMethodWorker.java:128)
at java.util.ArrayList.forEach(Unknown Source)
at org.testng.TestRunner.privateRun(TestRunner.java:766)
at org.testng.TestRunner.run(TestRunner.java:587)
at org.testng.SuiteRunner.runTest(SuiteRunner.java:384)
at org.testng.SuiteRunner.access$000(SuiteRunner.java:28)
at org.testng.SuiteRunner$SuiteWorker.run(SuiteRunner.java:425)
at org.testng.internal.thread.ThreadUtil.lambda$execute$0(ThreadUtil.java:68)
at java.util.concurrent.FutureTask.run(Unknown Source)
at java.util.concurrent.ThreadPoolExecutor.runWorker(Unknown Source)
at java.util.concurrent.ThreadPoolExecutor$Worker.run(Unknown Source)
at java.lang.Thread.run(Unknown Source)
]]>
            </full-stacktrace>
          </exception> <!-- org.openqa.selenium.NoSuchElementException -->
          <reporter-output>
          </reporter-output>
        </test-method> <!-- userRegisterSuccessfully -->
        <test-method status="PASS" signature="screenshotOnFailure(org.testng.ITestResult)[pri:0, instance:tests.UserRegistrationParallelTesting@9a7504c]" name="screenshotOnFailure" is-config="true" duration-ms="509" started-at="2020-07-16T17:58:38 EET" finished-at="2020-07-16T17:58:38 EET">
          <params>
            <param index="0">
              <value>
                <![CDATA[[TestResult name=userRegisterSuccessfully status=FAILURE method=UserRegistrationParallelTesting.userRegisterSuccessfully()[pri:0, instance:tests.UserRegistrationParallelTesting@9a7504c] output={null}]]]>
              </value>
            </param>
          </params>
          <reporter-output>
          </reporter-output>
        </test-method> <!-- screenshotOnFailure -->
        <test-method status="PASS" signature="stopDriver()[pri:0, instance:tests.UserRegistrationParallelTesting@9a7504c]" name="stopDriver" is-config="true" duration-ms="168" started-at="2020-07-16T17:58:38 EET" finished-at="2020-07-16T17:58:38 EET">
          <reporter-output>
          </reporter-output>
        </test-method> <!-- stopDriver -->
      </class> <!-- tests.UserRegistrationParallelTesting -->
    </test> <!-- chrome -->
    <test name="firefox" duration-ms="41904" started-at="2020-07-16T17:58:05 EET" finished-at="2020-07-16T17:58:47 EET">
      <class name="tests.UserRegistrationParallelTesting">
        <test-method status="PASS" signature="setup(java.lang.String)[pri:0, instance:tests.UserRegistrationParallelTesting@1e7c7811]" name="setup" is-config="true" duration-ms="23475" started-at="2020-07-16T17:58:05 EET" finished-at="2020-07-16T17:58:28 EET">
          <params>
            <param index="0">
              <value>
                <![CDATA[firefox]]>
              </value>
            </param>
          </params>
          <reporter-output>
          </reporter-output>
        </test-method> <!-- setup -->
        <test-method status="PASS" signature="userRegisterSuccessfully()[pri:0, instance:tests.UserRegistrationParallelTesting@1e7c7811]" name="userRegisterSuccessfully" duration-ms="11423" started-at="2020-07-16T17:58:28 EET" finished-at="2020-07-16T17:58:40 EET">
          <reporter-output>
          </reporter-output>
        </test-method> <!-- userRegisterSuccessfully -->
        <test-method status="PASS" signature="screenshotOnFailure(org.testng.ITestResult)[pri:0, instance:tests.UserRegistrationParallelTesting@1e7c7811]" name="screenshotOnFailure" is-config="true" duration-ms="0" started-at="2020-07-16T17:58:40 EET" finished-at="2020-07-16T17:58:40 EET">
          <params>
            <param index="0">
              <value>
                <![CDATA[[TestResult name=userRegisterSuccessfully status=SUCCESS method=UserRegistrationParallelTesting.userRegisterSuccessfully()[pri:0, instance:tests.UserRegistrationParallelTesting@1e7c7811] output={null}]]]>
              </value>
            </param>
          </params>
          <reporter-output>
          </reporter-output>
        </test-method> <!-- screenshotOnFailure -->
        <test-method status="PASS" signature="stopDriver()[pri:0, instance:tests.UserRegistrationParallelTesting@1e7c7811]" name="stopDriver" is-config="true" duration-ms="6984" started-at="2020-07-16T17:58:40 EET" finished-at="2020-07-16T17:58:47 EET">
          <reporter-output>
          </reporter-output>
        </test-method> <!-- stopDriver -->
      </class> <!-- tests.UserRegistrationParallelTesting -->
    </test> <!-- firefox -->
  </suite> <!-- registation suite -->
</testng-results>
